#kVal Sq Gamma Dq
#deltaT =    1.0000
1.9635e-01 3.3388e-01 -1.2537e+00 3.2519e+01 9.6204e-04
3.9270e-01 3.3398e-01 -1.2376e+00 8.0250e+00 8.4674e-04
5.8905e-01 3.3683e-01 -1.1042e+00 3.1822e+00 7.4721e-04
7.8540e-01 3.3125e-01      nan     -nan 7.9080e-04
9.8175e-01 3.3459e-01      nan     -nan 8.1063e-04
1.1781e+00 3.3312e-01      nan     -nan 7.2697e-04
1.3744e+00 3.3334e-01      nan     -nan 7.3802e-04
1.5708e+00 3.3453e-01      nan     -nan 5.6535e-04
1.7671e+00 3.3237e-01      nan     -nan 6.8230e-04
1.9635e+00 3.3253e-01      nan     -nan 7.3068e-04
2.1599e+00 3.3357e-01      nan     -nan 6.1081e-04
2.3562e+00 3.3322e-01      nan     -nan 5.6249e-04
2.5526e+00 3.3337e-01      nan     -nan 6.7624e-04
2.7489e+00 3.3356e-01      nan     -nan 5.0550e-04
2.9453e+00 3.3213e-01      nan     -nan 5.4637e-04
3.1416e+00 3.3254e-01 2.6675e-01 -2.7027e-02 5.5207e-04
3.3379e+00 3.3370e-01      nan     -nan 6.0121e-04
3.5343e+00 3.3316e-01      nan     -nan 5.9411e-04
3.7306e+00 3.3463e-01      nan     -nan 6.4426e-04
3.9270e+00 3.3307e-01      nan     -nan 6.3276e-04
4.1234e+00 3.3388e-01      nan     -nan 5.4053e-04
4.3197e+00 3.3348e-01      nan     -nan 6.6382e-04
4.5160e+00 3.3365e-01 -3.9628e-01 1.9430e-02 5.9030e-04
4.7124e+00 3.3430e-01      nan     -nan 5.9948e-04
4.9087e+00 3.3304e-01      nan     -nan 5.3677e-04
5.1051e+00 3.3334e-01 3.0983e-01 -1.1888e-02 5.4906e-04
5.3014e+00 3.3285e-01      nan     -nan 6.3433e-04
5.4978e+00 3.3429e-01      nan     -nan 6.2888e-04
5.6941e+00 3.3421e-01      nan     -nan 5.4274e-04
5.8905e+00 3.3375e-01      nan     -nan 5.9718e-04
6.0869e+00 3.3541e-01      nan     -nan 5.3610e-04
6.2832e+00 3.3621e-01      nan     -nan 6.5349e-04
6.4795e+00 3.3288e-01      nan     -nan 6.6320e-04
6.6759e+00 3.3358e-01 1.2926e-01 -2.9003e-03 5.8186e-04
6.8723e+00 3.3343e-01      nan     -nan 5.9687e-04
7.0686e+00 3.3475e-01      nan     -nan 6.3414e-04
7.2649e+00 3.3292e-01      nan     -nan 5.9837e-04
7.4613e+00 3.3219e-01      nan     -nan 5.5598e-04
7.6577e+00 3.3263e-01      nan     -nan 6.0828e-04
7.8540e+00 3.3395e-01      nan     -nan 6.4973e-04
