#kVal Sq Gamma Dq
#deltaT =    1.0000
1.9635e-01 3.3164e-01 -1.0254e+00 2.6597e+01 1.2285e-03
3.9270e-01 3.2980e-01 -1.2417e+00 8.0521e+00 1.2696e-03
5.8905e-01 3.3466e-01      nan     -nan 1.1479e-03
7.8540e-01 3.3155e-01 -1.2085e+00 1.9591e+00 1.1916e-03
9.8175e-01 3.3193e-01 -1.5823e+00 1.6417e+00 1.1970e-03
1.1781e+00 3.3504e-01      nan     -nan 1.1602e-03
1.3744e+00 3.3334e-01 4.0798e-01 -2.1596e-01 8.7266e-04
1.5708e+00 3.3349e-01      nan     -nan 8.4086e-04
1.7671e+00 3.3378e-01      nan     -nan 1.0224e-03
1.9635e+00 3.3223e-01 9.6545e-01 -2.5042e-01 7.9108e-04
2.1599e+00 3.3479e-01      nan     -nan 8.4160e-04
2.3562e+00 3.3367e-01      nan     -nan 8.4813e-04
2.5526e+00 3.3354e-01      nan     -nan 8.9161e-04
2.7489e+00 3.3140e-01      nan     -nan 8.9097e-04
2.9453e+00 3.3252e-01      nan     -nan 7.9172e-04
3.1416e+00 3.3505e-01      nan     -nan 8.1523e-04
3.3379e+00 3.3268e-01      nan     -nan 9.1388e-04
3.5343e+00 3.3312e-01      nan     -nan 8.5849e-04
3.7306e+00 3.3190e-01      nan     -nan 7.7397e-04
3.9270e+00 3.3240e-01      nan     -nan 8.9905e-04
4.1234e+00 3.3314e-01      nan     -nan 9.1237e-04
4.3197e+00 3.3228e-01      nan     -nan 7.3635e-04
4.5160e+00 3.3166e-01      nan     -nan 7.2545e-04
4.7124e+00 3.3338e-01      nan     -nan 7.9367e-04
4.9087e+00 3.3367e-01 1.3179e+00 -5.4694e-02 8.3181e-04
5.1051e+00 3.3212e-01      nan     -nan 8.5770e-04
5.3014e+00 3.3363e-01 -1.5396e+00 5.4779e-02 7.8617e-04
5.4978e+00 3.3218e-01      nan     -nan 9.5024e-04
5.6941e+00 3.3544e-01      nan     -nan 9.3815e-04
5.8905e+00 3.3356e-01      nan     -nan 9.1340e-04
6.0869e+00 3.3304e-01      nan     -nan 8.1715e-04
6.2832e+00 3.3218e-01 -4.5507e-01 1.1527e-02 9.6845e-04
6.4795e+00 3.3234e-01      nan     -nan 9.2094e-04
6.6759e+00 3.3184e-01      nan     -nan 7.8078e-04
6.8723e+00 3.3496e-01      nan     -nan 7.7665e-04
7.0686e+00 3.3340e-01      nan     -nan 8.9133e-04
7.2649e+00 3.3449e-01      nan     -nan 8.8739e-04
7.4613e+00 3.3354e-01      nan     -nan 7.1078e-04
7.6577e+00 3.3323e-01      nan     -nan 8.7296e-04
7.8540e+00 3.3442e-01      nan     -nan 9.0785e-04
