#kVal Sq Gamma Dq
#deltaT =    1.0000
1.9635e-01 4.2921e-01 -5.5890e-02 1.4497e+00 6.6971e-03
3.9270e-01 5.7012e-01 -1.6523e-01 1.0714e+00 4.1816e-03
5.8905e-01 6.9504e-01 -2.7815e-01 8.0164e-01 4.1804e-03
7.8540e-01 8.2356e-01 -4.2589e-01 6.9043e-01 4.0392e-03
9.8175e-01 9.5651e-01 -5.8375e-01 6.0565e-01 4.3187e-03
1.1781e+00 1.0419e+00 -7.7237e-01 5.5649e-01 3.3876e-03
1.3744e+00 1.0763e+00 -1.0016e+00 5.3020e-01 3.1897e-03
1.5708e+00 1.0352e+00 -1.1191e+00 4.5357e-01 2.6547e-03
1.7671e+00 1.0022e+00 -2.1585e+00 6.9119e-01 3.6642e-03
1.9635e+00 9.7255e-01      nan     -nan 2.2723e-03
2.1599e+00 9.7637e-01 6.6594e-01 -1.4275e-01 2.4503e-03
2.3562e+00 9.9014e-01      nan     -nan 2.5319e-03
2.5526e+00 1.0046e+00      nan     -nan 2.7328e-03
2.7489e+00 1.0129e+00      nan     -nan 2.5912e-03
2.9453e+00 1.0071e+00      nan     -nan 2.5656e-03
3.1416e+00 1.0049e+00      nan     -nan 2.5005e-03
3.3379e+00 9.9667e-01      nan     -nan 2.4523e-03
3.5343e+00 9.8883e-01      nan     -nan 2.6429e-03
3.7306e+00 9.9935e-01      nan     -nan 2.7722e-03
3.9270e+00 9.9818e-01      nan     -nan 2.2634e-03
4.1234e+00 9.9354e-01      nan     -nan 2.6071e-03
4.3197e+00 9.9949e-01      nan     -nan 2.7908e-03
4.5160e+00 1.0072e+00      nan     -nan 2.4384e-03
4.7124e+00 1.0040e+00      nan     -nan 2.3071e-03
4.9087e+00 1.0007e+00      nan     -nan 2.5599e-03
5.1051e+00 9.9364e-01      nan     -nan 2.5407e-03
5.3014e+00 9.9501e-01 5.5886e-01 -1.9884e-02 2.7135e-03
5.4978e+00 9.9967e-01      nan     -nan 2.1739e-03
5.6941e+00 1.0022e+00      nan     -nan 2.3606e-03
5.8905e+00 1.0014e+00      nan     -nan 2.1934e-03
6.0869e+00 9.9903e-01      nan     -nan 2.2983e-03
6.2832e+00 9.9541e-01      nan     -nan 2.6547e-03
6.4795e+00 9.9565e-01      nan     -nan 2.5941e-03
6.6759e+00 9.9712e-01      nan     -nan 2.7127e-03
6.8723e+00 9.9640e-01      nan     -nan 3.0409e-03
7.0686e+00 9.9970e-01      nan     -nan 2.5089e-03
7.2649e+00 1.0048e+00      nan     -nan 2.4874e-03
7.4613e+00 1.0001e+00      nan     -nan 2.8203e-03
7.6577e+00 9.9744e-01      nan     -nan 2.6041e-03
7.8540e+00 9.9426e-01      nan     -nan 2.9460e-03
